2021-04-04T09:09:05+00:00 CRITICAL syntax error, unexpected end of file in C:\xampp\htdocs\huzaifa\wp-content\themes\Floxia - ECommerce\template-parts\front_page\header.php on line 179

2021-04-04T09:16:30+00:00 CRITICAL syntax error, unexpected end of file in C:\xampp\htdocs\huzaifa\wp-content\themes\Floxia - ECommerce\template-parts\front_page\header.php on line 185

2021-04-04T09:25:56+00:00 CRITICAL Uncaught Error: Call to a member function get_title() on null in C:\xampp\htdocs\huzaifa\wp-content\themes\Floxia - ECommerce\template-parts\front_page\header.php:162
Stack trace:
#0 C:\xampp\htdocs\huzaifa\wp-includes\template.php(732): require()
#1 C:\xampp\htdocs\huzaifa\wp-includes\template.php(676): load_template('C:\\xampp\\htdocs...', false, Array)
#2 C:\xampp\htdocs\huzaifa\wp-includes\general-template.php(204): locate_template(Array, true, false, Array)
#3 C:\xampp\htdocs\huzaifa\wp-content\themes\Floxia - ECommerce\front-page.php(6): get_template_part('template-parts/...', 'header')
#4 C:\xampp\htdocs\huzaifa\wp-includes\template-loader.php(106): include('C:\\xampp\\htdocs...')
#5 C:\xampp\htdocs\huzaifa\wp-blog-header.php(19): require_once('C:\\xampp\\htdocs...')
#6 C:\xampp\htdocs\huzaifa\index.php(17): require('C:\\xampp\\htdocs...')
#7 {main}
  thrown in C:\xampp\htdocs\huzaifa\wp-content\themes\Floxia - ECommerce\template-parts\front_page\header.php on line 162

2021-04-04T09:26:17+00:00 CRITICAL Uncaught Error: Call to a member function get_title() on null in C:\xampp\htdocs\huzaifa\wp-content\themes\Floxia - ECommerce\template-parts\front_page\header.php:163
Stack trace:
#0 C:\xampp\htdocs\huzaifa\wp-includes\template.php(732): require()
#1 C:\xampp\htdocs\huzaifa\wp-includes\template.php(676): load_template('C:\\xampp\\htdocs...', false, Array)
#2 C:\xampp\htdocs\huzaifa\wp-includes\general-template.php(204): locate_template(Array, true, false, Array)
#3 C:\xampp\htdocs\huzaifa\wp-content\themes\Floxia - ECommerce\front-page.php(6): get_template_part('template-parts/...', 'header')
#4 C:\xampp\htdocs\huzaifa\wp-includes\template-loader.php(106): include('C:\\xampp\\htdocs...')
#5 C:\xampp\htdocs\huzaifa\wp-blog-header.php(19): require_once('C:\\xampp\\htdocs...')
#6 C:\xampp\htdocs\huzaifa\index.php(17): require('C:\\xampp\\htdocs...')
#7 {main}
  thrown in C:\xampp\htdocs\huzaifa\wp-content\themes\Floxia - ECommerce\template-parts\front_page\header.php on line 163

2021-04-04T09:44:32+00:00 CRITICAL Uncaught Error: Call to a member function get_permalink() on null in C:\xampp\htdocs\huzaifa\wp-content\themes\Floxia - ECommerce\template-parts\front_page\header.php:159
Stack trace:
#0 C:\xampp\htdocs\huzaifa\wp-includes\template.php(732): require()
#1 C:\xampp\htdocs\huzaifa\wp-includes\template.php(676): load_template('C:\\xampp\\htdocs...', false, Array)
#2 C:\xampp\htdocs\huzaifa\wp-includes\general-template.php(204): locate_template(Array, true, false, Array)
#3 C:\xampp\htdocs\huzaifa\wp-content\themes\Floxia - ECommerce\woocommerce\single-product.php(22): get_template_part('template-parts/...', 'header')
#4 C:\xampp\htdocs\huzaifa\wp-includes\template-loader.php(106): include('C:\\xampp\\htdocs...')
#5 C:\xampp\htdocs\huzaifa\wp-blog-header.php(19): require_once('C:\\xampp\\htdocs...')
#6 C:\xampp\htdocs\huzaifa\index.php(17): require('C:\\xampp\\htdocs...')
#7 {main}
  thrown in C:\xampp\htdocs\huzaifa\wp-content\themes\Floxia - ECommerce\template-parts\front_page\header.php on line 159

2021-04-04T09:44:34+00:00 CRITICAL Uncaught Error: Call to a member function get_permalink() on null in C:\xampp\htdocs\huzaifa\wp-content\themes\Floxia - ECommerce\template-parts\front_page\header.php:159
Stack trace:
#0 C:\xampp\htdocs\huzaifa\wp-includes\template.php(732): require()
#1 C:\xampp\htdocs\huzaifa\wp-includes\template.php(676): load_template('C:\\xampp\\htdocs...', false, Array)
#2 C:\xampp\htdocs\huzaifa\wp-includes\general-template.php(204): locate_template(Array, true, false, Array)
#3 C:\xampp\htdocs\huzaifa\wp-content\themes\Floxia - ECommerce\front-page.php(6): get_template_part('template-parts/...', 'header')
#4 C:\xampp\htdocs\huzaifa\wp-includes\template-loader.php(106): include('C:\\xampp\\htdocs...')
#5 C:\xampp\htdocs\huzaifa\wp-blog-header.php(19): require_once('C:\\xampp\\htdocs...')
#6 C:\xampp\htdocs\huzaifa\index.php(17): require('C:\\xampp\\htdocs...')
#7 {main}
  thrown in C:\xampp\htdocs\huzaifa\wp-content\themes\Floxia - ECommerce\template-parts\front_page\header.php on line 159

2021-04-04T09:45:03+00:00 CRITICAL Uncaught Error: Call to a member function get_permalink() on null in C:\xampp\htdocs\huzaifa\wp-content\themes\Floxia - ECommerce\template-parts\front_page\header.php:159
Stack trace:
#0 C:\xampp\htdocs\huzaifa\wp-includes\template.php(732): require()
#1 C:\xampp\htdocs\huzaifa\wp-includes\template.php(676): load_template('C:\\xampp\\htdocs...', false, Array)
#2 C:\xampp\htdocs\huzaifa\wp-includes\general-template.php(204): locate_template(Array, true, false, Array)
#3 C:\xampp\htdocs\huzaifa\wp-content\themes\Floxia - ECommerce\woocommerce\single-product.php(22): get_template_part('template-parts/...', 'header')
#4 C:\xampp\htdocs\huzaifa\wp-includes\template-loader.php(106): include('C:\\xampp\\htdocs...')
#5 C:\xampp\htdocs\huzaifa\wp-blog-header.php(19): require_once('C:\\xampp\\htdocs...')
#6 C:\xampp\htdocs\huzaifa\index.php(17): require('C:\\xampp\\htdocs...')
#7 {main}
  thrown in C:\xampp\htdocs\huzaifa\wp-content\themes\Floxia - ECommerce\template-parts\front_page\header.php on line 159

2021-04-04T09:45:09+00:00 CRITICAL Uncaught Error: Call to a member function get_permalink() on null in C:\xampp\htdocs\huzaifa\wp-content\themes\Floxia - ECommerce\template-parts\front_page\header.php:159
Stack trace:
#0 C:\xampp\htdocs\huzaifa\wp-includes\template.php(732): require()
#1 C:\xampp\htdocs\huzaifa\wp-includes\template.php(676): load_template('C:\\xampp\\htdocs...', false, Array)
#2 C:\xampp\htdocs\huzaifa\wp-includes\general-template.php(204): locate_template(Array, true, false, Array)
#3 C:\xampp\htdocs\huzaifa\wp-content\themes\Floxia - ECommerce\front-page.php(6): get_template_part('template-parts/...', 'header')
#4 C:\xampp\htdocs\huzaifa\wp-includes\template-loader.php(106): include('C:\\xampp\\htdocs...')
#5 C:\xampp\htdocs\huzaifa\wp-blog-header.php(19): require_once('C:\\xampp\\htdocs...')
#6 C:\xampp\htdocs\huzaifa\index.php(17): require('C:\\xampp\\htdocs...')
#7 {main}
  thrown in C:\xampp\htdocs\huzaifa\wp-content\themes\Floxia - ECommerce\template-parts\front_page\header.php on line 159

2021-04-04T09:45:30+00:00 CRITICAL Uncaught Error: Call to a member function get_permalink() on null in C:\xampp\htdocs\huzaifa\wp-content\themes\Floxia - ECommerce\template-parts\front_page\header.php:159
Stack trace:
#0 C:\xampp\htdocs\huzaifa\wp-includes\template.php(732): require()
#1 C:\xampp\htdocs\huzaifa\wp-includes\template.php(676): load_template('C:\\xampp\\htdocs...', false, Array)
#2 C:\xampp\htdocs\huzaifa\wp-includes\general-template.php(204): locate_template(Array, true, false, Array)
#3 C:\xampp\htdocs\huzaifa\wp-content\themes\Floxia - ECommerce\front-page.php(6): get_template_part('template-parts/...', 'header')
#4 C:\xampp\htdocs\huzaifa\wp-includes\template-loader.php(106): include('C:\\xampp\\htdocs...')
#5 C:\xampp\htdocs\huzaifa\wp-blog-header.php(19): require_once('C:\\xampp\\htdocs...')
#6 C:\xampp\htdocs\huzaifa\index.php(17): require('C:\\xampp\\htdocs...')
#7 {main}
  thrown in C:\xampp\htdocs\huzaifa\wp-content\themes\Floxia - ECommerce\template-parts\front_page\header.php on line 159

2021-04-04T09:45:46+00:00 CRITICAL Uncaught Error: Call to a member function get_permalink() on null in C:\xampp\htdocs\huzaifa\wp-content\themes\Floxia - ECommerce\template-parts\front_page\header.php:159
Stack trace:
#0 C:\xampp\htdocs\huzaifa\wp-includes\template.php(732): require()
#1 C:\xampp\htdocs\huzaifa\wp-includes\template.php(676): load_template('C:\\xampp\\htdocs...', false, Array)
#2 C:\xampp\htdocs\huzaifa\wp-includes\general-template.php(204): locate_template(Array, true, false, Array)
#3 C:\xampp\htdocs\huzaifa\wp-content\themes\Floxia - ECommerce\front-page.php(6): get_template_part('template-parts/...', 'header')
#4 C:\xampp\htdocs\huzaifa\wp-includes\template-loader.php(106): include('C:\\xampp\\htdocs...')
#5 C:\xampp\htdocs\huzaifa\wp-blog-header.php(19): require_once('C:\\xampp\\htdocs...')
#6 C:\xampp\htdocs\huzaifa\index.php(17): require('C:\\xampp\\htdocs...')
#7 {main}
  thrown in C:\xampp\htdocs\huzaifa\wp-content\themes\Floxia - ECommerce\template-parts\front_page\header.php on line 159

2021-04-04T09:57:51+00:00 CRITICAL Uncaught Error: Call to a member function get_permalink() on bool in C:\xampp\htdocs\huzaifa\wp-content\themes\Floxia - ECommerce\template-parts\front_page\header.php:170
Stack trace:
#0 C:\xampp\htdocs\huzaifa\wp-includes\template.php(732): require()
#1 C:\xampp\htdocs\huzaifa\wp-includes\template.php(676): load_template('C:\\xampp\\htdocs...', false, Array)
#2 C:\xampp\htdocs\huzaifa\wp-includes\general-template.php(204): locate_template(Array, true, false, Array)
#3 C:\xampp\htdocs\huzaifa\wp-content\themes\Floxia - ECommerce\front-page.php(6): get_template_part('template-parts/...', 'header')
#4 C:\xampp\htdocs\huzaifa\wp-includes\template-loader.php(106): include('C:\\xampp\\htdocs...')
#5 C:\xampp\htdocs\huzaifa\wp-blog-header.php(19): require_once('C:\\xampp\\htdocs...')
#6 C:\xampp\htdocs\huzaifa\index.php(17): require('C:\\xampp\\htdocs...')
#7 {main}
  thrown in C:\xampp\htdocs\huzaifa\wp-content\themes\Floxia - ECommerce\template-parts\front_page\header.php on line 170

2021-04-04T09:58:59+00:00 CRITICAL Uncaught Error: Call to a member function get_permalink() on null in C:\xampp\htdocs\huzaifa\wp-content\themes\Floxia - ECommerce\template-parts\front_page\header.php:169
Stack trace:
#0 C:\xampp\htdocs\huzaifa\wp-includes\template.php(732): require()
#1 C:\xampp\htdocs\huzaifa\wp-includes\template.php(676): load_template('C:\\xampp\\htdocs...', false, Array)
#2 C:\xampp\htdocs\huzaifa\wp-includes\general-template.php(204): locate_template(Array, true, false, Array)
#3 C:\xampp\htdocs\huzaifa\wp-content\themes\Floxia - ECommerce\front-page.php(6): get_template_part('template-parts/...', 'header')
#4 C:\xampp\htdocs\huzaifa\wp-includes\template-loader.php(106): include('C:\\xampp\\htdocs...')
#5 C:\xampp\htdocs\huzaifa\wp-blog-header.php(19): require_once('C:\\xampp\\htdocs...')
#6 C:\xampp\htdocs\huzaifa\index.php(17): require('C:\\xampp\\htdocs...')
#7 {main}
  thrown in C:\xampp\htdocs\huzaifa\wp-content\themes\Floxia - ECommerce\template-parts\front_page\header.php on line 169

2021-04-04T10:25:19+00:00 CRITICAL Uncaught Error: Call to a member function get_price() on null in C:\xampp\htdocs\huzaifa\wp-content\themes\Floxia - ECommerce\template-parts\front_page\header.php:159
Stack trace:
#0 C:\xampp\htdocs\huzaifa\wp-includes\template.php(732): require()
#1 C:\xampp\htdocs\huzaifa\wp-includes\template.php(676): load_template('C:\\xampp\\htdocs...', false, Array)
#2 C:\xampp\htdocs\huzaifa\wp-includes\general-template.php(204): locate_template(Array, true, false, Array)
#3 C:\xampp\htdocs\huzaifa\wp-content\themes\Floxia - ECommerce\page.php(1): get_template_part('template-parts/...', 'header')
#4 C:\xampp\htdocs\huzaifa\wp-includes\template-loader.php(106): include('C:\\xampp\\htdocs...')
#5 C:\xampp\htdocs\huzaifa\wp-blog-header.php(19): require_once('C:\\xampp\\htdocs...')
#6 C:\xampp\htdocs\huzaifa\index.php(17): require('C:\\xampp\\htdocs...')
#7 {main}
  thrown in C:\xampp\htdocs\huzaifa\wp-content\themes\Floxia - ECommerce\template-parts\front_page\header.php on line 159

2021-04-04T10:25:47+00:00 CRITICAL Uncaught Error: Call to a member function get_price() on null in C:\xampp\htdocs\huzaifa\wp-content\themes\Floxia - ECommerce\template-parts\front_page\header.php:171
Stack trace:
#0 C:\xampp\htdocs\huzaifa\wp-includes\template.php(732): require()
#1 C:\xampp\htdocs\huzaifa\wp-includes\template.php(676): load_template('C:\\xampp\\htdocs...', false, Array)
#2 C:\xampp\htdocs\huzaifa\wp-includes\general-template.php(204): locate_template(Array, true, false, Array)
#3 C:\xampp\htdocs\huzaifa\wp-content\themes\Floxia - ECommerce\page.php(1): get_template_part('template-parts/...', 'header')
#4 C:\xampp\htdocs\huzaifa\wp-includes\template-loader.php(106): include('C:\\xampp\\htdocs...')
#5 C:\xampp\htdocs\huzaifa\wp-blog-header.php(19): require_once('C:\\xampp\\htdocs...')
#6 C:\xampp\htdocs\huzaifa\index.php(17): require('C:\\xampp\\htdocs...')
#7 {main}
  thrown in C:\xampp\htdocs\huzaifa\wp-content\themes\Floxia - ECommerce\template-parts\front_page\header.php on line 171

2021-04-04T17:36:05+00:00 CRITICAL syntax error, unexpected ')' in C:\xampp\htdocs\huzaifa\wp-content\themes\Floxia - ECommerce\theme-config.php on line 710

2021-04-04T17:36:18+00:00 CRITICAL syntax error, unexpected ')' in C:\xampp\htdocs\huzaifa\wp-content\themes\Floxia - ECommerce\theme-config.php on line 710

